
/home/runner/work/exp-partition-coefficient-iitk/exp-partition-coefficient-iitk/experiment/simulation/js/main.js
   10:5   warning  'sol' is already defined                          no-redeclare
   15:5   warning  'mchn' is assigned a value but never used         no-unused-vars
   19:5   warning  'keep' is assigned a value but never used         no-unused-vars
   22:5   warning  'machineUP' is assigned a value but never used    no-unused-vars
   23:5   warning  'machine1' is assigned a value but never used     no-unused-vars
   24:5   warning  'machine2' is assigned a value but never used     no-unused-vars
   25:5   warning  'machineLP' is assigned a value but never used    no-unused-vars
   27:5   warning  'powerbutton' is assigned a value but never used  no-unused-vars
   28:5   warning  'speedbutton' is assigned a value but never used  no-unused-vars
   29:5   warning  'rdng' is assigned a value but never used         no-unused-vars
   30:5   warning  'mxdsol' is assigned a value but never used       no-unused-vars
   31:5   warning  'cnflask1' is assigned a value but never used     no-unused-vars
   32:5   warning  'cnflask2' is assigned a value but never used     no-unused-vars
   33:5   warning  'pippetf' is assigned a value but never used      no-unused-vars
   34:5   warning  'orglayer' is assigned a value but never used     no-unused-vars
   35:5   warning  'aqlayer' is assigned a value but never used      no-unused-vars
   40:10  warning  'pourcylinder' is defined but never used          no-unused-vars
   64:9   warning  Move function declaration to function body root   no-inner-declarations
   66:13  warning  'gcylinder' is not defined                        no-undef
  102:9   warning  Move function declaration to function body root   no-inner-declarations
  104:13  warning  'gcylinder' is not defined                        no-undef
  141:9   warning  Move function declaration to function body root   no-inner-declarations
  143:13  warning  'gcylinder' is not defined                        no-undef
  161:10  warning  'butanol1' is defined but never used              no-unused-vars
  167:9   warning  Move function declaration to function body root   no-inner-declarations
  191:10  warning  'acedic' is defined but never used                no-unused-vars
  196:9   warning  Move function declaration to function body root   no-inner-declarations
  215:10  warning  'diswater' is defined but never used              no-unused-vars
  220:9   warning  Move function declaration to function body root   no-inner-declarations
  238:10  warning  'next' is defined but never used                  no-unused-vars
  262:9   warning  'gcylinder' is not defined                        no-undef

✖ 31 problems (0 errors, 31 warnings)

